

============================== 2022-03-31 19:27:37.771195 | 8b7a47ce-6503-4be0-b657-5530d9ababf1 ==============================
19:27:37.771195 [info ] [MainThread]: Running with dbt=1.0.4
19:27:37.771195 [debug] [MainThread]: running dbt with arguments Namespace(cls=<class 'dbt.task.init.InitTask'>, debug=None, defer=None, event_buffer_size=None, fail_fast=None, log_cache_events=False, log_format=None, partial_parse=None, printer_width=None, profile=None, profiles_dir='C:\\Users\\leandroj2009_00\\.dbt', project_dir=None, project_name='dbt-tutorial', record_timing_info=None, rpc_method=None, send_anonymous_usage_stats=None, single_threaded=False, skip_profile_setup=False, state=None, static_parser=None, target=None, use_colors=None, use_experimental_parser=None, vars='{}', version_check=None, warn_error=None, which='init', write_json=None)
19:27:37.771195 [debug] [MainThread]: Tracking: tracking
19:27:37.840624 [debug] [MainThread]: Sending event: {'category': 'dbt', 'action': 'invocation', 'label': 'start', 'context': [<snowplow_tracker.self_describing_json.SelfDescribingJson object at 0x000001E47CD0D160>, <snowplow_tracker.self_describing_json.SelfDescribingJson object at 0x000001E47CD0D0A0>, <snowplow_tracker.self_describing_json.SelfDescribingJson object at 0x000001E47CD0D0D0>]}
19:28:01.287424 [debug] [MainThread]: Starter project path: c:\python\python38\lib\site-packages\dbt\include\starter_project
19:28:13.260650 [info ] [MainThread]: No sample profile found for sqlserver.
19:28:13.260650 [info ] [MainThread]: 
Your new dbt project "dbt_tutorial" was created!

For more information on how to configure the profiles.yml file,
please consult the dbt documentation here:

  https://docs.getdbt.com/docs/configure-your-profile

One more thing:

Need help? Don't hesitate to reach out to us via GitHub issues or on Slack:

  https://community.getdbt.com/

Happy modeling!

19:28:13.262622 [debug] [MainThread]: Sending event: {'category': 'dbt', 'action': 'invocation', 'label': 'end', 'context': [<snowplow_tracker.self_describing_json.SelfDescribingJson object at 0x000001E47CD0DDC0>, <snowplow_tracker.self_describing_json.SelfDescribingJson object at 0x000001E47CD04AC0>, <snowplow_tracker.self_describing_json.SelfDescribingJson object at 0x000001E47CD04E20>]}


============================== 2022-03-31 19:43:18.439317 | d02e47de-80d5-4e9f-9abf-15cc70b61db0 ==============================
19:43:18.439317 [info ] [MainThread]: Running with dbt=1.0.4
19:43:18.439317 [debug] [MainThread]: running dbt with arguments Namespace(cls=<class 'dbt.task.debug.DebugTask'>, config_dir=False, debug=None, defer=None, event_buffer_size=None, fail_fast=None, log_cache_events=False, log_format=None, partial_parse=None, printer_width=None, profile=None, profiles_dir='C:\\Users\\leandroj2009_00\\.dbt', project_dir=None, record_timing_info=None, rpc_method=None, send_anonymous_usage_stats=None, single_threaded=False, state=None, static_parser=None, target=None, use_colors=None, use_experimental_parser=None, vars='{}', version_check=None, warn_error=None, which='debug', write_json=None)
19:43:18.439317 [debug] [MainThread]: Tracking: tracking
19:43:18.500783 [debug] [MainThread]: Sending event: {'category': 'dbt', 'action': 'invocation', 'label': 'start', 'context': [<snowplow_tracker.self_describing_json.SelfDescribingJson object at 0x000001734613D280>, <snowplow_tracker.self_describing_json.SelfDescribingJson object at 0x000001734613D1C0>, <snowplow_tracker.self_describing_json.SelfDescribingJson object at 0x000001734613D0A0>]}
19:43:18.649178 [debug] [MainThread]: Executing "git --help"
19:43:18.670747 [debug] [MainThread]: Sending event: {'category': 'dbt', 'action': 'invocation', 'label': 'end', 'context': [<snowplow_tracker.self_describing_json.SelfDescribingJson object at 0x00000173473F1E80>, <snowplow_tracker.self_describing_json.SelfDescribingJson object at 0x00000173473F1EE0>, <snowplow_tracker.self_describing_json.SelfDescribingJson object at 0x00000173473F1FA0>]}


============================== 2022-03-31 19:49:31.247153 | 5d7bc284-dfae-4ce2-977c-181f8d123f7f ==============================
19:49:31.247153 [info ] [MainThread]: Running with dbt=1.0.4
19:49:31.247153 [debug] [MainThread]: running dbt with arguments Namespace(cls=<class 'dbt.task.debug.DebugTask'>, config_dir=False, debug=None, defer=None, event_buffer_size=None, fail_fast=None, log_cache_events=False, log_format=None, partial_parse=None, printer_width=None, profile=None, profiles_dir='C:\\Users\\leandroj2009_00\\.dbt', project_dir=None, record_timing_info=None, rpc_method=None, send_anonymous_usage_stats=None, single_threaded=False, state=None, static_parser=None, target=None, use_colors=None, use_experimental_parser=None, vars='{}', version_check=None, warn_error=None, which='debug', write_json=None)
19:49:31.247153 [debug] [MainThread]: Tracking: tracking
19:49:31.327104 [debug] [MainThread]: Sending event: {'category': 'dbt', 'action': 'invocation', 'label': 'start', 'context': [<snowplow_tracker.self_describing_json.SelfDescribingJson object at 0x000002BD35AED250>, <snowplow_tracker.self_describing_json.SelfDescribingJson object at 0x000002BD35AED190>, <snowplow_tracker.self_describing_json.SelfDescribingJson object at 0x000002BD35AED070>]}
19:49:31.439922 [debug] [MainThread]: Executing "git --help"
19:49:31.461913 [debug] [MainThread]: Acquiring new sqlserver connection "debug"
19:49:31.461913 [debug] [MainThread]: Opening a new connection, currently in state init
19:49:31.475637 [debug] [MainThread]: On debug: No close available on handle
19:49:31.483838 [debug] [MainThread]: Sending event: {'category': 'dbt', 'action': 'invocation', 'label': 'end', 'context': [<snowplow_tracker.self_describing_json.SelfDescribingJson object at 0x000002BD36DBDC70>, <snowplow_tracker.self_describing_json.SelfDescribingJson object at 0x000002BD36DBDEE0>, <snowplow_tracker.self_describing_json.SelfDescribingJson object at 0x000002BD36DBDDF0>]}
19:49:32.236287 [debug] [MainThread]: Connection 'debug' was properly closed.


============================== 2022-03-31 19:50:47.930408 | d0bc92bb-c1c9-46c8-8ed3-709450f09ccc ==============================
19:50:47.930408 [info ] [MainThread]: Running with dbt=1.0.4
19:50:47.930408 [debug] [MainThread]: running dbt with arguments Namespace(cls=<class 'dbt.task.debug.DebugTask'>, config_dir=False, debug=None, defer=None, event_buffer_size=None, fail_fast=None, log_cache_events=False, log_format=None, partial_parse=None, printer_width=None, profile=None, profiles_dir='C:\\Users\\leandroj2009_00\\.dbt', project_dir=None, record_timing_info=None, rpc_method=None, send_anonymous_usage_stats=None, single_threaded=False, state=None, static_parser=None, target=None, use_colors=None, use_experimental_parser=None, vars='{}', version_check=None, warn_error=None, which='debug', write_json=None)
19:50:47.930408 [debug] [MainThread]: Tracking: tracking
19:50:47.993485 [debug] [MainThread]: Sending event: {'category': 'dbt', 'action': 'invocation', 'label': 'start', 'context': [<snowplow_tracker.self_describing_json.SelfDescribingJson object at 0x00000262A2EAD220>, <snowplow_tracker.self_describing_json.SelfDescribingJson object at 0x00000262A2EAD160>, <snowplow_tracker.self_describing_json.SelfDescribingJson object at 0x00000262A2EAD190>]}
19:50:48.124150 [debug] [MainThread]: Executing "git --help"
19:50:48.154083 [debug] [MainThread]: Acquiring new sqlserver connection "debug"
19:50:48.154083 [debug] [MainThread]: Opening a new connection, currently in state init
19:50:48.546768 [debug] [MainThread]: On debug: Close
19:50:48.557338 [debug] [MainThread]: Sending event: {'category': 'dbt', 'action': 'invocation', 'label': 'end', 'context': [<snowplow_tracker.self_describing_json.SelfDescribingJson object at 0x00000262A417C8B0>, <snowplow_tracker.self_describing_json.SelfDescribingJson object at 0x00000262A417C970>, <snowplow_tracker.self_describing_json.SelfDescribingJson object at 0x00000262A417CFA0>]}
19:50:49.448677 [debug] [MainThread]: Connection 'debug' was properly closed.


============================== 2022-03-31 19:54:01.668920 | e6f3f022-8126-40d2-a1d0-088d1a5327db ==============================
19:54:01.668920 [info ] [MainThread]: Running with dbt=1.0.4
19:54:01.668920 [debug] [MainThread]: running dbt with arguments Namespace(cls=<class 'dbt.task.debug.DebugTask'>, config_dir=False, debug=None, defer=None, event_buffer_size=None, fail_fast=None, log_cache_events=False, log_format=None, partial_parse=None, printer_width=None, profile=None, profiles_dir='C:\\Users\\leandroj2009_00\\.dbt', project_dir=None, record_timing_info=None, rpc_method=None, send_anonymous_usage_stats=None, single_threaded=False, state=None, static_parser=None, target=None, use_colors=None, use_experimental_parser=None, vars='{}', version_check=None, warn_error=None, which='debug', write_json=None)
19:54:01.668920 [debug] [MainThread]: Tracking: tracking
19:54:01.742748 [debug] [MainThread]: Sending event: {'category': 'dbt', 'action': 'invocation', 'label': 'start', 'context': [<snowplow_tracker.self_describing_json.SelfDescribingJson object at 0x000001C35770D220>, <snowplow_tracker.self_describing_json.SelfDescribingJson object at 0x000001C35770D160>, <snowplow_tracker.self_describing_json.SelfDescribingJson object at 0x000001C35770D190>]}
19:54:01.868364 [debug] [MainThread]: Executing "git --help"
19:54:02.055057 [debug] [MainThread]: STDOUT: "b"usage: git [--version] [--help] [-C <path>] [-c <name>=<value>]\n           [--exec-path[=<path>]] [--html-path] [--man-path] [--info-path]\n           [-p | --paginate | -P | --no-pager] [--no-replace-objects] [--bare]\n           [--git-dir=<path>] [--work-tree=<path>] [--namespace=<name>]\n           [--super-prefix=<path>] [--config-env=<name>=<envvar>]\n           <command> [<args>]\n\nThese are common Git commands used in various situations:\n\nstart a working area (see also: git help tutorial)\n   clone     Clone a repository into a new directory\n   init      Create an empty Git repository or reinitialize an existing one\n\nwork on the current change (see also: git help everyday)\n   add       Add file contents to the index\n   mv        Move or rename a file, a directory, or a symlink\n   restore   Restore working tree files\n   rm        Remove files from the working tree and from the index\n\nexamine the history and state (see also: git help revisions)\n   bisect    Use binary search to find the commit that introduced a bug\n   diff      Show changes between commits, commit and working tree, etc\n   grep      Print lines matching a pattern\n   log       Show commit logs\n   show      Show various types of objects\n   status    Show the working tree status\n\ngrow, mark and tweak your common history\n   branch    List, create, or delete branches\n   commit    Record changes to the repository\n   merge     Join two or more development histories together\n   rebase    Reapply commits on top of another base tip\n   reset     Reset current HEAD to the specified state\n   switch    Switch branches\n   tag       Create, list, delete or verify a tag object signed with GPG\n\ncollaborate (see also: git help workflows)\n   fetch     Download objects and refs from another repository\n   pull      Fetch from and integrate with another repository or a local branch\n   push      Update remote refs along with associated objects\n\n'git help -a' and 'git help -g' list available subcommands and some\nconcept guides. See 'git help <command>' or 'git help <concept>'\nto read about a specific subcommand or concept.\nSee 'git help git' for an overview of the system.\n""
19:54:02.055057 [debug] [MainThread]: STDERR: "b''"
19:54:02.068515 [debug] [MainThread]: Acquiring new sqlserver connection "debug"
19:54:02.068515 [debug] [MainThread]: Opening a new connection, currently in state init
19:54:02.374073 [debug] [MainThread]: On debug: Close
19:54:02.378216 [debug] [MainThread]: Sending event: {'category': 'dbt', 'action': 'invocation', 'label': 'end', 'context': [<snowplow_tracker.self_describing_json.SelfDescribingJson object at 0x000001C3589DDB20>, <snowplow_tracker.self_describing_json.SelfDescribingJson object at 0x000001C3589DD580>, <snowplow_tracker.self_describing_json.SelfDescribingJson object at 0x000001C3589DDA60>]}
19:54:02.992939 [debug] [MainThread]: Connection 'debug' was properly closed.


============================== 2022-03-31 20:00:29.885550 | 197cc7ff-dab2-419c-a3f2-90bbeab7f283 ==============================
20:00:29.885550 [info ] [MainThread]: Running with dbt=1.0.4
20:00:29.901253 [debug] [MainThread]: running dbt with arguments Namespace(cls=<class 'dbt.task.debug.DebugTask'>, config_dir=False, debug=None, defer=None, event_buffer_size=None, fail_fast=None, log_cache_events=False, log_format=None, partial_parse=None, printer_width=None, profile=None, profiles_dir='C:\\Users\\leandroj2009_00\\.dbt', project_dir=None, record_timing_info=None, rpc_method=None, send_anonymous_usage_stats=None, single_threaded=False, state=None, static_parser=None, target=None, use_colors=None, use_experimental_parser=None, vars='{}', version_check=None, warn_error=None, which='debug', write_json=None)
20:00:29.901253 [debug] [MainThread]: Tracking: tracking
20:00:29.962946 [debug] [MainThread]: Sending event: {'category': 'dbt', 'action': 'invocation', 'label': 'start', 'context': [<snowplow_tracker.self_describing_json.SelfDescribingJson object at 0x000001D0CB5DD2B0>, <snowplow_tracker.self_describing_json.SelfDescribingJson object at 0x000001D0CB5DD1F0>, <snowplow_tracker.self_describing_json.SelfDescribingJson object at 0x000001D0CB5DD0D0>]}
20:00:30.082766 [debug] [MainThread]: Executing "git --help"
20:00:30.285732 [debug] [MainThread]: STDOUT: "b"usage: git [--version] [--help] [-C <path>] [-c <name>=<value>]\n           [--exec-path[=<path>]] [--html-path] [--man-path] [--info-path]\n           [-p | --paginate | -P | --no-pager] [--no-replace-objects] [--bare]\n           [--git-dir=<path>] [--work-tree=<path>] [--namespace=<name>]\n           [--super-prefix=<path>] [--config-env=<name>=<envvar>]\n           <command> [<args>]\n\nThese are common Git commands used in various situations:\n\nstart a working area (see also: git help tutorial)\n   clone     Clone a repository into a new directory\n   init      Create an empty Git repository or reinitialize an existing one\n\nwork on the current change (see also: git help everyday)\n   add       Add file contents to the index\n   mv        Move or rename a file, a directory, or a symlink\n   restore   Restore working tree files\n   rm        Remove files from the working tree and from the index\n\nexamine the history and state (see also: git help revisions)\n   bisect    Use binary search to find the commit that introduced a bug\n   diff      Show changes between commits, commit and working tree, etc\n   grep      Print lines matching a pattern\n   log       Show commit logs\n   show      Show various types of objects\n   status    Show the working tree status\n\ngrow, mark and tweak your common history\n   branch    List, create, or delete branches\n   commit    Record changes to the repository\n   merge     Join two or more development histories together\n   rebase    Reapply commits on top of another base tip\n   reset     Reset current HEAD to the specified state\n   switch    Switch branches\n   tag       Create, list, delete or verify a tag object signed with GPG\n\ncollaborate (see also: git help workflows)\n   fetch     Download objects and refs from another repository\n   pull      Fetch from and integrate with another repository or a local branch\n   push      Update remote refs along with associated objects\n\n'git help -a' and 'git help -g' list available subcommands and some\nconcept guides. See 'git help <command>' or 'git help <concept>'\nto read about a specific subcommand or concept.\nSee 'git help git' for an overview of the system.\n""
20:00:30.285732 [debug] [MainThread]: STDERR: "b''"
20:00:30.296066 [debug] [MainThread]: Acquiring new sqlserver connection "debug"
20:00:30.296066 [debug] [MainThread]: Opening a new connection, currently in state init
20:00:30.618340 [debug] [MainThread]: On debug: Close
20:00:30.624644 [debug] [MainThread]: Sending event: {'category': 'dbt', 'action': 'invocation', 'label': 'end', 'context': [<snowplow_tracker.self_describing_json.SelfDescribingJson object at 0x000001D0CC8ADAC0>, <snowplow_tracker.self_describing_json.SelfDescribingJson object at 0x000001D0CC8AD490>, <snowplow_tracker.self_describing_json.SelfDescribingJson object at 0x000001D0CC8ADA00>]}
20:00:31.312749 [debug] [MainThread]: Connection 'debug' was properly closed.


============================== 2022-03-31 20:00:48.207476 | e769596f-c90b-4f63-a502-e5c3c4c75263 ==============================
20:00:48.207476 [info ] [MainThread]: Running with dbt=1.0.4
20:00:48.207476 [debug] [MainThread]: running dbt with arguments Namespace(cls=<class 'dbt.task.debug.DebugTask'>, config_dir=False, debug=None, defer=None, event_buffer_size=None, fail_fast=None, log_cache_events=False, log_format=None, partial_parse=None, printer_width=None, profile=None, profiles_dir='C:\\Users\\leandroj2009_00\\.dbt', project_dir=None, record_timing_info=None, rpc_method=None, send_anonymous_usage_stats=None, single_threaded=False, state=None, static_parser=None, target=None, use_colors=None, use_experimental_parser=None, vars='{}', version_check=None, warn_error=None, which='debug', write_json=None)
20:00:48.207476 [debug] [MainThread]: Tracking: tracking
20:00:48.276700 [debug] [MainThread]: Sending event: {'category': 'dbt', 'action': 'invocation', 'label': 'start', 'context': [<snowplow_tracker.self_describing_json.SelfDescribingJson object at 0x0000023BFAA8D2B0>, <snowplow_tracker.self_describing_json.SelfDescribingJson object at 0x0000023BFAA8D1F0>, <snowplow_tracker.self_describing_json.SelfDescribingJson object at 0x0000023BFAA8D0D0>]}
20:00:48.408617 [debug] [MainThread]: Executing "git --help"
20:00:48.586695 [debug] [MainThread]: STDOUT: "b"usage: git [--version] [--help] [-C <path>] [-c <name>=<value>]\n           [--exec-path[=<path>]] [--html-path] [--man-path] [--info-path]\n           [-p | --paginate | -P | --no-pager] [--no-replace-objects] [--bare]\n           [--git-dir=<path>] [--work-tree=<path>] [--namespace=<name>]\n           [--super-prefix=<path>] [--config-env=<name>=<envvar>]\n           <command> [<args>]\n\nThese are common Git commands used in various situations:\n\nstart a working area (see also: git help tutorial)\n   clone     Clone a repository into a new directory\n   init      Create an empty Git repository or reinitialize an existing one\n\nwork on the current change (see also: git help everyday)\n   add       Add file contents to the index\n   mv        Move or rename a file, a directory, or a symlink\n   restore   Restore working tree files\n   rm        Remove files from the working tree and from the index\n\nexamine the history and state (see also: git help revisions)\n   bisect    Use binary search to find the commit that introduced a bug\n   diff      Show changes between commits, commit and working tree, etc\n   grep      Print lines matching a pattern\n   log       Show commit logs\n   show      Show various types of objects\n   status    Show the working tree status\n\ngrow, mark and tweak your common history\n   branch    List, create, or delete branches\n   commit    Record changes to the repository\n   merge     Join two or more development histories together\n   rebase    Reapply commits on top of another base tip\n   reset     Reset current HEAD to the specified state\n   switch    Switch branches\n   tag       Create, list, delete or verify a tag object signed with GPG\n\ncollaborate (see also: git help workflows)\n   fetch     Download objects and refs from another repository\n   pull      Fetch from and integrate with another repository or a local branch\n   push      Update remote refs along with associated objects\n\n'git help -a' and 'git help -g' list available subcommands and some\nconcept guides. See 'git help <command>' or 'git help <concept>'\nto read about a specific subcommand or concept.\nSee 'git help git' for an overview of the system.\n""
20:00:48.586695 [debug] [MainThread]: STDERR: "b''"
20:00:48.599347 [debug] [MainThread]: Acquiring new sqlserver connection "debug"
20:00:48.599347 [debug] [MainThread]: Opening a new connection, currently in state init
20:00:48.892801 [debug] [MainThread]: On debug: Close
20:00:48.906601 [debug] [MainThread]: Sending event: {'category': 'dbt', 'action': 'invocation', 'label': 'end', 'context': [<snowplow_tracker.self_describing_json.SelfDescribingJson object at 0x0000023BFBD5FAC0>, <snowplow_tracker.self_describing_json.SelfDescribingJson object at 0x0000023BFBD5F490>, <snowplow_tracker.self_describing_json.SelfDescribingJson object at 0x0000023BFBD5FA00>]}
20:00:49.630076 [debug] [MainThread]: Connection 'debug' was properly closed.


============================== 2022-03-31 20:04:56.158744 | 23cbb619-b7cf-46a1-b909-9941961488de ==============================
20:04:56.158744 [info ] [MainThread]: Running with dbt=1.0.4
20:04:56.158744 [debug] [MainThread]: running dbt with arguments Namespace(cls=<class 'dbt.task.debug.DebugTask'>, config_dir=False, debug=None, defer=None, event_buffer_size=None, fail_fast=None, log_cache_events=False, log_format=None, partial_parse=None, printer_width=None, profile=None, profiles_dir='C:\\Users\\leandroj2009_00\\.dbt', project_dir=None, record_timing_info=None, rpc_method=None, send_anonymous_usage_stats=None, single_threaded=False, state=None, static_parser=None, target=None, use_colors=None, use_experimental_parser=None, vars='{}', version_check=None, warn_error=None, which='debug', write_json=None)
20:04:56.158744 [debug] [MainThread]: Tracking: tracking
20:04:56.227253 [debug] [MainThread]: Sending event: {'category': 'dbt', 'action': 'invocation', 'label': 'start', 'context': [<snowplow_tracker.self_describing_json.SelfDescribingJson object at 0x0000020E56A7D220>, <snowplow_tracker.self_describing_json.SelfDescribingJson object at 0x0000020E56A7D160>, <snowplow_tracker.self_describing_json.SelfDescribingJson object at 0x0000020E56A7D040>]}
20:04:56.349499 [debug] [MainThread]: Executing "git --help"
20:04:56.540067 [debug] [MainThread]: STDOUT: "b"usage: git [--version] [--help] [-C <path>] [-c <name>=<value>]\n           [--exec-path[=<path>]] [--html-path] [--man-path] [--info-path]\n           [-p | --paginate | -P | --no-pager] [--no-replace-objects] [--bare]\n           [--git-dir=<path>] [--work-tree=<path>] [--namespace=<name>]\n           [--super-prefix=<path>] [--config-env=<name>=<envvar>]\n           <command> [<args>]\n\nThese are common Git commands used in various situations:\n\nstart a working area (see also: git help tutorial)\n   clone     Clone a repository into a new directory\n   init      Create an empty Git repository or reinitialize an existing one\n\nwork on the current change (see also: git help everyday)\n   add       Add file contents to the index\n   mv        Move or rename a file, a directory, or a symlink\n   restore   Restore working tree files\n   rm        Remove files from the working tree and from the index\n\nexamine the history and state (see also: git help revisions)\n   bisect    Use binary search to find the commit that introduced a bug\n   diff      Show changes between commits, commit and working tree, etc\n   grep      Print lines matching a pattern\n   log       Show commit logs\n   show      Show various types of objects\n   status    Show the working tree status\n\ngrow, mark and tweak your common history\n   branch    List, create, or delete branches\n   commit    Record changes to the repository\n   merge     Join two or more development histories together\n   rebase    Reapply commits on top of another base tip\n   reset     Reset current HEAD to the specified state\n   switch    Switch branches\n   tag       Create, list, delete or verify a tag object signed with GPG\n\ncollaborate (see also: git help workflows)\n   fetch     Download objects and refs from another repository\n   pull      Fetch from and integrate with another repository or a local branch\n   push      Update remote refs along with associated objects\n\n'git help -a' and 'git help -g' list available subcommands and some\nconcept guides. See 'git help <command>' or 'git help <concept>'\nto read about a specific subcommand or concept.\nSee 'git help git' for an overview of the system.\n""
20:04:56.540067 [debug] [MainThread]: STDERR: "b''"
20:04:56.540067 [debug] [MainThread]: Acquiring new sqlserver connection "debug"
20:04:56.540067 [debug] [MainThread]: Opening a new connection, currently in state init
20:04:56.877364 [debug] [MainThread]: On debug: Close
20:04:56.884369 [debug] [MainThread]: Sending event: {'category': 'dbt', 'action': 'invocation', 'label': 'end', 'context': [<snowplow_tracker.self_describing_json.SelfDescribingJson object at 0x0000020E57D4DA30>, <snowplow_tracker.self_describing_json.SelfDescribingJson object at 0x0000020E57D4D400>, <snowplow_tracker.self_describing_json.SelfDescribingJson object at 0x0000020E57D4DFA0>]}
20:04:57.677648 [debug] [MainThread]: Connection 'debug' was properly closed.


============================== 2022-03-31 20:14:37.457724 | 7653d5c3-0409-4432-8870-85dca35b5a3e ==============================
20:14:37.457724 [info ] [MainThread]: Running with dbt=1.0.4
20:14:37.457724 [debug] [MainThread]: running dbt with arguments Namespace(cls=<class 'dbt.task.debug.DebugTask'>, config_dir=True, debug=None, defer=None, event_buffer_size=None, fail_fast=None, log_cache_events=False, log_format=None, partial_parse=None, printer_width=None, profile=None, profiles_dir='C:\\Users\\leandroj2009_00\\.dbt', project_dir=None, record_timing_info=None, rpc_method=None, send_anonymous_usage_stats=None, single_threaded=False, state=None, static_parser=None, target=None, use_colors=None, use_experimental_parser=None, vars='{}', version_check=None, warn_error=None, which='debug', write_json=None)
20:14:37.457724 [debug] [MainThread]: Tracking: tracking
20:14:37.531775 [debug] [MainThread]: Sending event: {'category': 'dbt', 'action': 'invocation', 'label': 'start', 'context': [<snowplow_tracker.self_describing_json.SelfDescribingJson object at 0x000001DC74CBD1C0>, <snowplow_tracker.self_describing_json.SelfDescribingJson object at 0x000001DC74CBD100>, <snowplow_tracker.self_describing_json.SelfDescribingJson object at 0x000001DC74CBD130>]}
20:14:37.531775 [info ] [MainThread]: To view your profiles.yml file, run:

start C:\Users\leandroj2009_00\.dbt
20:14:37.531775 [debug] [MainThread]: Sending event: {'category': 'dbt', 'action': 'invocation', 'label': 'end', 'context': [<snowplow_tracker.self_describing_json.SelfDescribingJson object at 0x000001DC74CBD220>, <snowplow_tracker.self_describing_json.SelfDescribingJson object at 0x000001DC74CBD160>, <snowplow_tracker.self_describing_json.SelfDescribingJson object at 0x000001DC74CB4DC0>]}


============================== 2022-03-31 20:17:11.464754 | 60507198-b8f1-4335-9f7e-e02cd963cff1 ==============================
20:17:11.464754 [info ] [MainThread]: Running with dbt=1.0.4
20:17:11.464754 [debug] [MainThread]: running dbt with arguments Namespace(cls=<class 'dbt.task.debug.DebugTask'>, config_dir=False, debug=None, defer=None, event_buffer_size=None, fail_fast=None, log_cache_events=False, log_format=None, partial_parse=None, printer_width=None, profile=None, profiles_dir='C:\\Users\\leandroj2009_00\\.dbt', project_dir='C:\\', record_timing_info=None, rpc_method=None, send_anonymous_usage_stats=None, single_threaded=False, state=None, static_parser=None, target=None, use_colors=None, use_experimental_parser=None, vars='{}', version_check=None, warn_error=None, which='debug', write_json=None)
20:17:11.464754 [debug] [MainThread]: Tracking: tracking
20:17:11.537303 [debug] [MainThread]: Sending event: {'category': 'dbt', 'action': 'invocation', 'label': 'start', 'context': [<snowplow_tracker.self_describing_json.SelfDescribingJson object at 0x000001EF5396D2B0>, <snowplow_tracker.self_describing_json.SelfDescribingJson object at 0x000001EF5396D1F0>, <snowplow_tracker.self_describing_json.SelfDescribingJson object at 0x000001EF5396D0D0>]}
20:17:11.682627 [debug] [MainThread]: Executing "git --help"
20:17:11.873237 [debug] [MainThread]: STDOUT: "b"usage: git [--version] [--help] [-C <path>] [-c <name>=<value>]\n           [--exec-path[=<path>]] [--html-path] [--man-path] [--info-path]\n           [-p | --paginate | -P | --no-pager] [--no-replace-objects] [--bare]\n           [--git-dir=<path>] [--work-tree=<path>] [--namespace=<name>]\n           [--super-prefix=<path>] [--config-env=<name>=<envvar>]\n           <command> [<args>]\n\nThese are common Git commands used in various situations:\n\nstart a working area (see also: git help tutorial)\n   clone     Clone a repository into a new directory\n   init      Create an empty Git repository or reinitialize an existing one\n\nwork on the current change (see also: git help everyday)\n   add       Add file contents to the index\n   mv        Move or rename a file, a directory, or a symlink\n   restore   Restore working tree files\n   rm        Remove files from the working tree and from the index\n\nexamine the history and state (see also: git help revisions)\n   bisect    Use binary search to find the commit that introduced a bug\n   diff      Show changes between commits, commit and working tree, etc\n   grep      Print lines matching a pattern\n   log       Show commit logs\n   show      Show various types of objects\n   status    Show the working tree status\n\ngrow, mark and tweak your common history\n   branch    List, create, or delete branches\n   commit    Record changes to the repository\n   merge     Join two or more development histories together\n   rebase    Reapply commits on top of another base tip\n   reset     Reset current HEAD to the specified state\n   switch    Switch branches\n   tag       Create, list, delete or verify a tag object signed with GPG\n\ncollaborate (see also: git help workflows)\n   fetch     Download objects and refs from another repository\n   pull      Fetch from and integrate with another repository or a local branch\n   push      Update remote refs along with associated objects\n\n'git help -a' and 'git help -g' list available subcommands and some\nconcept guides. See 'git help <command>' or 'git help <concept>'\nto read about a specific subcommand or concept.\nSee 'git help git' for an overview of the system.\n""
20:17:11.873237 [debug] [MainThread]: STDERR: "b''"
20:17:11.877424 [debug] [MainThread]: Acquiring new sqlserver connection "debug"
20:17:11.877424 [debug] [MainThread]: Opening a new connection, currently in state init
20:17:12.202226 [debug] [MainThread]: On debug: Close
20:17:12.211327 [debug] [MainThread]: Sending event: {'category': 'dbt', 'action': 'invocation', 'label': 'end', 'context': [<snowplow_tracker.self_describing_json.SelfDescribingJson object at 0x000001EF53C6EAF0>, <snowplow_tracker.self_describing_json.SelfDescribingJson object at 0x000001EF53C6E4C0>, <snowplow_tracker.self_describing_json.SelfDescribingJson object at 0x000001EF53C6EA30>]}
20:17:13.067193 [debug] [MainThread]: Connection 'debug' was properly closed.


============================== 2022-03-31 20:18:00.479574 | 36716d82-97a0-4e92-88a9-02c7dd4de2ea ==============================
20:18:00.479574 [info ] [MainThread]: Running with dbt=1.0.4
20:18:00.479574 [debug] [MainThread]: running dbt with arguments Namespace(cls=<class 'dbt.task.debug.DebugTask'>, config_dir=False, debug=None, defer=None, event_buffer_size=None, fail_fast=None, log_cache_events=False, log_format=None, partial_parse=None, printer_width=None, profile=None, profiles_dir='C:\\Users\\leandroj2009_00\\.dbt', project_dir='C:\\Users\\leandroj2009_00\\Documents\\dbt\\Users\\leandroj2009_00\\Documents\\dbt\\dbt_tutorial', record_timing_info=None, rpc_method=None, send_anonymous_usage_stats=None, single_threaded=False, state=None, static_parser=None, target=None, use_colors=None, use_experimental_parser=None, vars='{}', version_check=None, warn_error=None, which='debug', write_json=None)
20:18:00.479574 [debug] [MainThread]: Tracking: tracking
20:18:00.555976 [debug] [MainThread]: Sending event: {'category': 'dbt', 'action': 'invocation', 'label': 'start', 'context': [<snowplow_tracker.self_describing_json.SelfDescribingJson object at 0x00000250A01CE1F0>, <snowplow_tracker.self_describing_json.SelfDescribingJson object at 0x00000250A01CE130>, <snowplow_tracker.self_describing_json.SelfDescribingJson object at 0x00000250A01CE040>]}
20:18:00.680424 [debug] [MainThread]: Executing "git --help"
20:18:00.847857 [debug] [MainThread]: STDOUT: "b"usage: git [--version] [--help] [-C <path>] [-c <name>=<value>]\n           [--exec-path[=<path>]] [--html-path] [--man-path] [--info-path]\n           [-p | --paginate | -P | --no-pager] [--no-replace-objects] [--bare]\n           [--git-dir=<path>] [--work-tree=<path>] [--namespace=<name>]\n           [--super-prefix=<path>] [--config-env=<name>=<envvar>]\n           <command> [<args>]\n\nThese are common Git commands used in various situations:\n\nstart a working area (see also: git help tutorial)\n   clone     Clone a repository into a new directory\n   init      Create an empty Git repository or reinitialize an existing one\n\nwork on the current change (see also: git help everyday)\n   add       Add file contents to the index\n   mv        Move or rename a file, a directory, or a symlink\n   restore   Restore working tree files\n   rm        Remove files from the working tree and from the index\n\nexamine the history and state (see also: git help revisions)\n   bisect    Use binary search to find the commit that introduced a bug\n   diff      Show changes between commits, commit and working tree, etc\n   grep      Print lines matching a pattern\n   log       Show commit logs\n   show      Show various types of objects\n   status    Show the working tree status\n\ngrow, mark and tweak your common history\n   branch    List, create, or delete branches\n   commit    Record changes to the repository\n   merge     Join two or more development histories together\n   rebase    Reapply commits on top of another base tip\n   reset     Reset current HEAD to the specified state\n   switch    Switch branches\n   tag       Create, list, delete or verify a tag object signed with GPG\n\ncollaborate (see also: git help workflows)\n   fetch     Download objects and refs from another repository\n   pull      Fetch from and integrate with another repository or a local branch\n   push      Update remote refs along with associated objects\n\n'git help -a' and 'git help -g' list available subcommands and some\nconcept guides. See 'git help <command>' or 'git help <concept>'\nto read about a specific subcommand or concept.\nSee 'git help git' for an overview of the system.\n""
20:18:00.847857 [debug] [MainThread]: STDERR: "b''"
20:18:00.859550 [debug] [MainThread]: Acquiring new sqlserver connection "debug"
20:18:00.859550 [debug] [MainThread]: Opening a new connection, currently in state init
20:18:01.179008 [debug] [MainThread]: On debug: Close
20:18:01.187427 [debug] [MainThread]: Sending event: {'category': 'dbt', 'action': 'invocation', 'label': 'end', 'context': [<snowplow_tracker.self_describing_json.SelfDescribingJson object at 0x00000250A04CEA00>, <snowplow_tracker.self_describing_json.SelfDescribingJson object at 0x00000250A04CE3D0>, <snowplow_tracker.self_describing_json.SelfDescribingJson object at 0x00000250A04CEF70>]}
20:18:01.805105 [debug] [MainThread]: Connection 'debug' was properly closed.


============================== 2022-03-31 20:18:46.709618 | 577b9d90-9557-4461-9c24-6a452482fcf1 ==============================
20:18:46.709618 [info ] [MainThread]: Running with dbt=1.0.4
20:18:46.709618 [debug] [MainThread]: running dbt with arguments Namespace(cls=<class 'dbt.task.debug.DebugTask'>, config_dir=False, debug=None, defer=None, event_buffer_size=None, fail_fast=None, log_cache_events=False, log_format=None, partial_parse=None, printer_width=None, profile=None, profiles_dir='C:\\Users\\leandroj2009_00\\.dbt', project_dir='C:\\', record_timing_info=None, rpc_method=None, send_anonymous_usage_stats=None, single_threaded=False, state=None, static_parser=None, target=None, use_colors=None, use_experimental_parser=None, vars='{}', version_check=None, warn_error=None, which='debug', write_json=None)
20:18:46.709618 [debug] [MainThread]: Tracking: tracking
20:18:46.785960 [debug] [MainThread]: Sending event: {'category': 'dbt', 'action': 'invocation', 'label': 'start', 'context': [<snowplow_tracker.self_describing_json.SelfDescribingJson object at 0x0000013066FCD220>, <snowplow_tracker.self_describing_json.SelfDescribingJson object at 0x0000013066FCD160>, <snowplow_tracker.self_describing_json.SelfDescribingJson object at 0x0000013066FCD040>]}
20:18:46.905521 [debug] [MainThread]: Executing "git --help"
20:18:47.092503 [debug] [MainThread]: STDOUT: "b"usage: git [--version] [--help] [-C <path>] [-c <name>=<value>]\n           [--exec-path[=<path>]] [--html-path] [--man-path] [--info-path]\n           [-p | --paginate | -P | --no-pager] [--no-replace-objects] [--bare]\n           [--git-dir=<path>] [--work-tree=<path>] [--namespace=<name>]\n           [--super-prefix=<path>] [--config-env=<name>=<envvar>]\n           <command> [<args>]\n\nThese are common Git commands used in various situations:\n\nstart a working area (see also: git help tutorial)\n   clone     Clone a repository into a new directory\n   init      Create an empty Git repository or reinitialize an existing one\n\nwork on the current change (see also: git help everyday)\n   add       Add file contents to the index\n   mv        Move or rename a file, a directory, or a symlink\n   restore   Restore working tree files\n   rm        Remove files from the working tree and from the index\n\nexamine the history and state (see also: git help revisions)\n   bisect    Use binary search to find the commit that introduced a bug\n   diff      Show changes between commits, commit and working tree, etc\n   grep      Print lines matching a pattern\n   log       Show commit logs\n   show      Show various types of objects\n   status    Show the working tree status\n\ngrow, mark and tweak your common history\n   branch    List, create, or delete branches\n   commit    Record changes to the repository\n   merge     Join two or more development histories together\n   rebase    Reapply commits on top of another base tip\n   reset     Reset current HEAD to the specified state\n   switch    Switch branches\n   tag       Create, list, delete or verify a tag object signed with GPG\n\ncollaborate (see also: git help workflows)\n   fetch     Download objects and refs from another repository\n   pull      Fetch from and integrate with another repository or a local branch\n   push      Update remote refs along with associated objects\n\n'git help -a' and 'git help -g' list available subcommands and some\nconcept guides. See 'git help <command>' or 'git help <concept>'\nto read about a specific subcommand or concept.\nSee 'git help git' for an overview of the system.\n""
20:18:47.092999 [debug] [MainThread]: STDERR: "b''"
20:18:47.094768 [debug] [MainThread]: Acquiring new sqlserver connection "debug"
20:18:47.094768 [debug] [MainThread]: Opening a new connection, currently in state init
20:18:47.426531 [debug] [MainThread]: On debug: Close
20:18:47.432129 [debug] [MainThread]: Sending event: {'category': 'dbt', 'action': 'invocation', 'label': 'end', 'context': [<snowplow_tracker.self_describing_json.SelfDescribingJson object at 0x000001306829EA60>, <snowplow_tracker.self_describing_json.SelfDescribingJson object at 0x000001306829E430>, <snowplow_tracker.self_describing_json.SelfDescribingJson object at 0x000001306829EFD0>]}
20:18:48.297118 [debug] [MainThread]: Connection 'debug' was properly closed.


============================== 2022-03-31 20:19:10.008037 | dcb74219-f211-4e44-9aeb-ddccfdb6fd44 ==============================
20:19:10.008037 [info ] [MainThread]: Running with dbt=1.0.4
20:19:10.008037 [debug] [MainThread]: running dbt with arguments Namespace(cls=<class 'dbt.task.debug.DebugTask'>, config_dir=False, debug=None, defer=None, event_buffer_size=None, fail_fast=None, log_cache_events=False, log_format=None, partial_parse=None, printer_width=None, profile=None, profiles_dir='C:\\Users\\leandroj2009_00\\.dbt', project_dir='C:\\Users', record_timing_info=None, rpc_method=None, send_anonymous_usage_stats=None, single_threaded=False, state=None, static_parser=None, target=None, use_colors=None, use_experimental_parser=None, vars='{}', version_check=None, warn_error=None, which='debug', write_json=None)
20:19:10.008037 [debug] [MainThread]: Tracking: tracking
20:19:10.078451 [debug] [MainThread]: Sending event: {'category': 'dbt', 'action': 'invocation', 'label': 'start', 'context': [<snowplow_tracker.self_describing_json.SelfDescribingJson object at 0x00000293CE0DD250>, <snowplow_tracker.self_describing_json.SelfDescribingJson object at 0x00000293CE0DD190>, <snowplow_tracker.self_describing_json.SelfDescribingJson object at 0x00000293CE0DD070>]}
20:19:10.197966 [debug] [MainThread]: Executing "git --help"
20:19:10.389928 [debug] [MainThread]: STDOUT: "b"usage: git [--version] [--help] [-C <path>] [-c <name>=<value>]\n           [--exec-path[=<path>]] [--html-path] [--man-path] [--info-path]\n           [-p | --paginate | -P | --no-pager] [--no-replace-objects] [--bare]\n           [--git-dir=<path>] [--work-tree=<path>] [--namespace=<name>]\n           [--super-prefix=<path>] [--config-env=<name>=<envvar>]\n           <command> [<args>]\n\nThese are common Git commands used in various situations:\n\nstart a working area (see also: git help tutorial)\n   clone     Clone a repository into a new directory\n   init      Create an empty Git repository or reinitialize an existing one\n\nwork on the current change (see also: git help everyday)\n   add       Add file contents to the index\n   mv        Move or rename a file, a directory, or a symlink\n   restore   Restore working tree files\n   rm        Remove files from the working tree and from the index\n\nexamine the history and state (see also: git help revisions)\n   bisect    Use binary search to find the commit that introduced a bug\n   diff      Show changes between commits, commit and working tree, etc\n   grep      Print lines matching a pattern\n   log       Show commit logs\n   show      Show various types of objects\n   status    Show the working tree status\n\ngrow, mark and tweak your common history\n   branch    List, create, or delete branches\n   commit    Record changes to the repository\n   merge     Join two or more development histories together\n   rebase    Reapply commits on top of another base tip\n   reset     Reset current HEAD to the specified state\n   switch    Switch branches\n   tag       Create, list, delete or verify a tag object signed with GPG\n\ncollaborate (see also: git help workflows)\n   fetch     Download objects and refs from another repository\n   pull      Fetch from and integrate with another repository or a local branch\n   push      Update remote refs along with associated objects\n\n'git help -a' and 'git help -g' list available subcommands and some\nconcept guides. See 'git help <command>' or 'git help <concept>'\nto read about a specific subcommand or concept.\nSee 'git help git' for an overview of the system.\n""
20:19:10.389928 [debug] [MainThread]: STDERR: "b''"
20:19:10.393638 [debug] [MainThread]: Acquiring new sqlserver connection "debug"
20:19:10.393638 [debug] [MainThread]: Opening a new connection, currently in state init
20:19:10.686641 [debug] [MainThread]: On debug: Close
20:19:10.700360 [debug] [MainThread]: Sending event: {'category': 'dbt', 'action': 'invocation', 'label': 'end', 'context': [<snowplow_tracker.self_describing_json.SelfDescribingJson object at 0x00000293CF3ADA60>, <snowplow_tracker.self_describing_json.SelfDescribingJson object at 0x00000293CF3AD430>, <snowplow_tracker.self_describing_json.SelfDescribingJson object at 0x00000293CF3ADFD0>]}
20:19:11.442156 [debug] [MainThread]: Connection 'debug' was properly closed.


============================== 2022-03-31 20:19:28.105890 | 7921e1c4-9d40-4550-a208-c8d738526f1e ==============================
20:19:28.105890 [info ] [MainThread]: Running with dbt=1.0.4
20:19:28.105890 [debug] [MainThread]: running dbt with arguments Namespace(cls=<class 'dbt.task.debug.DebugTask'>, config_dir=False, debug=None, defer=None, event_buffer_size=None, fail_fast=None, log_cache_events=False, log_format=None, partial_parse=None, printer_width=None, profile=None, profiles_dir='C:\\Users\\leandroj2009_00\\.dbt', project_dir='C:\\Users\\leandroj2009_00', record_timing_info=None, rpc_method=None, send_anonymous_usage_stats=None, single_threaded=False, state=None, static_parser=None, target=None, use_colors=None, use_experimental_parser=None, vars='{}', version_check=None, warn_error=None, which='debug', write_json=None)
20:19:28.105890 [debug] [MainThread]: Tracking: tracking
20:19:28.171440 [debug] [MainThread]: Sending event: {'category': 'dbt', 'action': 'invocation', 'label': 'start', 'context': [<snowplow_tracker.self_describing_json.SelfDescribingJson object at 0x00000231ADD1D2B0>, <snowplow_tracker.self_describing_json.SelfDescribingJson object at 0x00000231ADD1D1F0>, <snowplow_tracker.self_describing_json.SelfDescribingJson object at 0x00000231ADD1D0D0>]}
20:19:28.296769 [debug] [MainThread]: Executing "git --help"
20:19:28.487422 [debug] [MainThread]: STDOUT: "b"usage: git [--version] [--help] [-C <path>] [-c <name>=<value>]\n           [--exec-path[=<path>]] [--html-path] [--man-path] [--info-path]\n           [-p | --paginate | -P | --no-pager] [--no-replace-objects] [--bare]\n           [--git-dir=<path>] [--work-tree=<path>] [--namespace=<name>]\n           [--super-prefix=<path>] [--config-env=<name>=<envvar>]\n           <command> [<args>]\n\nThese are common Git commands used in various situations:\n\nstart a working area (see also: git help tutorial)\n   clone     Clone a repository into a new directory\n   init      Create an empty Git repository or reinitialize an existing one\n\nwork on the current change (see also: git help everyday)\n   add       Add file contents to the index\n   mv        Move or rename a file, a directory, or a symlink\n   restore   Restore working tree files\n   rm        Remove files from the working tree and from the index\n\nexamine the history and state (see also: git help revisions)\n   bisect    Use binary search to find the commit that introduced a bug\n   diff      Show changes between commits, commit and working tree, etc\n   grep      Print lines matching a pattern\n   log       Show commit logs\n   show      Show various types of objects\n   status    Show the working tree status\n\ngrow, mark and tweak your common history\n   branch    List, create, or delete branches\n   commit    Record changes to the repository\n   merge     Join two or more development histories together\n   rebase    Reapply commits on top of another base tip\n   reset     Reset current HEAD to the specified state\n   switch    Switch branches\n   tag       Create, list, delete or verify a tag object signed with GPG\n\ncollaborate (see also: git help workflows)\n   fetch     Download objects and refs from another repository\n   pull      Fetch from and integrate with another repository or a local branch\n   push      Update remote refs along with associated objects\n\n'git help -a' and 'git help -g' list available subcommands and some\nconcept guides. See 'git help <command>' or 'git help <concept>'\nto read about a specific subcommand or concept.\nSee 'git help git' for an overview of the system.\n""
20:19:28.487422 [debug] [MainThread]: STDERR: "b''"
20:19:28.489311 [debug] [MainThread]: Acquiring new sqlserver connection "debug"
20:19:28.489311 [debug] [MainThread]: Opening a new connection, currently in state init
20:19:28.781886 [debug] [MainThread]: On debug: Close
20:19:28.795988 [debug] [MainThread]: Sending event: {'category': 'dbt', 'action': 'invocation', 'label': 'end', 'context': [<snowplow_tracker.self_describing_json.SelfDescribingJson object at 0x00000231AEFEFAF0>, <snowplow_tracker.self_describing_json.SelfDescribingJson object at 0x00000231AEFEF4C0>, <snowplow_tracker.self_describing_json.SelfDescribingJson object at 0x00000231AEFEFA30>]}
20:19:29.440941 [debug] [MainThread]: Connection 'debug' was properly closed.


============================== 2022-03-31 20:19:54.159744 | 8aedbf20-4065-4af4-8862-e72a9d7bb520 ==============================
20:19:54.159744 [info ] [MainThread]: Running with dbt=1.0.4
20:19:54.159744 [debug] [MainThread]: running dbt with arguments Namespace(cls=<class 'dbt.task.debug.DebugTask'>, config_dir=False, debug=None, defer=None, event_buffer_size=None, fail_fast=None, log_cache_events=False, log_format=None, partial_parse=None, printer_width=None, profile=None, profiles_dir='C:\\Users\\leandroj2009_00\\.dbt', project_dir='C:\\Users\\leandroj2009_00\\documents', record_timing_info=None, rpc_method=None, send_anonymous_usage_stats=None, single_threaded=False, state=None, static_parser=None, target=None, use_colors=None, use_experimental_parser=None, vars='{}', version_check=None, warn_error=None, which='debug', write_json=None)
20:19:54.159744 [debug] [MainThread]: Tracking: tracking
20:19:54.235744 [debug] [MainThread]: Sending event: {'category': 'dbt', 'action': 'invocation', 'label': 'start', 'context': [<snowplow_tracker.self_describing_json.SelfDescribingJson object at 0x00000289D3ADD220>, <snowplow_tracker.self_describing_json.SelfDescribingJson object at 0x00000289D3ADD160>, <snowplow_tracker.self_describing_json.SelfDescribingJson object at 0x00000289D3ADD190>]}
20:19:54.358844 [debug] [MainThread]: Executing "git --help"
20:19:54.547599 [debug] [MainThread]: STDOUT: "b"usage: git [--version] [--help] [-C <path>] [-c <name>=<value>]\n           [--exec-path[=<path>]] [--html-path] [--man-path] [--info-path]\n           [-p | --paginate | -P | --no-pager] [--no-replace-objects] [--bare]\n           [--git-dir=<path>] [--work-tree=<path>] [--namespace=<name>]\n           [--super-prefix=<path>] [--config-env=<name>=<envvar>]\n           <command> [<args>]\n\nThese are common Git commands used in various situations:\n\nstart a working area (see also: git help tutorial)\n   clone     Clone a repository into a new directory\n   init      Create an empty Git repository or reinitialize an existing one\n\nwork on the current change (see also: git help everyday)\n   add       Add file contents to the index\n   mv        Move or rename a file, a directory, or a symlink\n   restore   Restore working tree files\n   rm        Remove files from the working tree and from the index\n\nexamine the history and state (see also: git help revisions)\n   bisect    Use binary search to find the commit that introduced a bug\n   diff      Show changes between commits, commit and working tree, etc\n   grep      Print lines matching a pattern\n   log       Show commit logs\n   show      Show various types of objects\n   status    Show the working tree status\n\ngrow, mark and tweak your common history\n   branch    List, create, or delete branches\n   commit    Record changes to the repository\n   merge     Join two or more development histories together\n   rebase    Reapply commits on top of another base tip\n   reset     Reset current HEAD to the specified state\n   switch    Switch branches\n   tag       Create, list, delete or verify a tag object signed with GPG\n\ncollaborate (see also: git help workflows)\n   fetch     Download objects and refs from another repository\n   pull      Fetch from and integrate with another repository or a local branch\n   push      Update remote refs along with associated objects\n\n'git help -a' and 'git help -g' list available subcommands and some\nconcept guides. See 'git help <command>' or 'git help <concept>'\nto read about a specific subcommand or concept.\nSee 'git help git' for an overview of the system.\n""
20:19:54.547599 [debug] [MainThread]: STDERR: "b''"
20:19:54.552032 [debug] [MainThread]: Acquiring new sqlserver connection "debug"
20:19:54.552840 [debug] [MainThread]: Opening a new connection, currently in state init
20:19:54.855828 [debug] [MainThread]: On debug: Close
20:19:54.855828 [debug] [MainThread]: Sending event: {'category': 'dbt', 'action': 'invocation', 'label': 'end', 'context': [<snowplow_tracker.self_describing_json.SelfDescribingJson object at 0x00000289D4DADB20>, <snowplow_tracker.self_describing_json.SelfDescribingJson object at 0x00000289D4DAD580>, <snowplow_tracker.self_describing_json.SelfDescribingJson object at 0x00000289D4DADA60>]}
20:19:55.616772 [debug] [MainThread]: Connection 'debug' was properly closed.


============================== 2022-03-31 20:20:24.061098 | 8e8d7cc4-08aa-4b1d-8ac0-ba9e93aa2610 ==============================
20:20:24.061098 [info ] [MainThread]: Running with dbt=1.0.4
20:20:24.063128 [debug] [MainThread]: running dbt with arguments Namespace(cls=<class 'dbt.task.debug.DebugTask'>, config_dir=False, debug=None, defer=None, event_buffer_size=None, fail_fast=None, log_cache_events=False, log_format=None, partial_parse=None, printer_width=None, profile=None, profiles_dir='C:\\Users\\leandroj2009_00\\.dbt', project_dir='C:\\Users\\leandroj2009_00\\documents\\dbt\\dbt_tutorial', record_timing_info=None, rpc_method=None, send_anonymous_usage_stats=None, single_threaded=False, state=None, static_parser=None, target=None, use_colors=None, use_experimental_parser=None, vars='{}', version_check=None, warn_error=None, which='debug', write_json=None)
20:20:24.063128 [debug] [MainThread]: Tracking: tracking
20:20:24.920517 [debug] [MainThread]: Sending event: {'category': 'dbt', 'action': 'invocation', 'label': 'start', 'context': [<snowplow_tracker.self_describing_json.SelfDescribingJson object at 0x000001BDF84EE1F0>, <snowplow_tracker.self_describing_json.SelfDescribingJson object at 0x000001BDF84EE130>, <snowplow_tracker.self_describing_json.SelfDescribingJson object at 0x000001BDF84EE040>]}
20:20:25.057114 [debug] [MainThread]: Executing "git --help"
20:20:25.258612 [debug] [MainThread]: STDOUT: "b"usage: git [--version] [--help] [-C <path>] [-c <name>=<value>]\n           [--exec-path[=<path>]] [--html-path] [--man-path] [--info-path]\n           [-p | --paginate | -P | --no-pager] [--no-replace-objects] [--bare]\n           [--git-dir=<path>] [--work-tree=<path>] [--namespace=<name>]\n           [--super-prefix=<path>] [--config-env=<name>=<envvar>]\n           <command> [<args>]\n\nThese are common Git commands used in various situations:\n\nstart a working area (see also: git help tutorial)\n   clone     Clone a repository into a new directory\n   init      Create an empty Git repository or reinitialize an existing one\n\nwork on the current change (see also: git help everyday)\n   add       Add file contents to the index\n   mv        Move or rename a file, a directory, or a symlink\n   restore   Restore working tree files\n   rm        Remove files from the working tree and from the index\n\nexamine the history and state (see also: git help revisions)\n   bisect    Use binary search to find the commit that introduced a bug\n   diff      Show changes between commits, commit and working tree, etc\n   grep      Print lines matching a pattern\n   log       Show commit logs\n   show      Show various types of objects\n   status    Show the working tree status\n\ngrow, mark and tweak your common history\n   branch    List, create, or delete branches\n   commit    Record changes to the repository\n   merge     Join two or more development histories together\n   rebase    Reapply commits on top of another base tip\n   reset     Reset current HEAD to the specified state\n   switch    Switch branches\n   tag       Create, list, delete or verify a tag object signed with GPG\n\ncollaborate (see also: git help workflows)\n   fetch     Download objects and refs from another repository\n   pull      Fetch from and integrate with another repository or a local branch\n   push      Update remote refs along with associated objects\n\n'git help -a' and 'git help -g' list available subcommands and some\nconcept guides. See 'git help <command>' or 'git help <concept>'\nto read about a specific subcommand or concept.\nSee 'git help git' for an overview of the system.\n""
20:20:25.258612 [debug] [MainThread]: STDERR: "b''"
20:20:25.263590 [debug] [MainThread]: Acquiring new sqlserver connection "debug"
20:20:25.263590 [debug] [MainThread]: Opening a new connection, currently in state init
20:20:25.551671 [debug] [MainThread]: On debug: Close
20:20:25.568994 [debug] [MainThread]: Sending event: {'category': 'dbt', 'action': 'invocation', 'label': 'end', 'context': [<snowplow_tracker.self_describing_json.SelfDescribingJson object at 0x000001BDF97BFC70>, <snowplow_tracker.self_describing_json.SelfDescribingJson object at 0x000001BDF97A4E80>, <snowplow_tracker.self_describing_json.SelfDescribingJson object at 0x000001BDF97B0340>]}
20:20:26.191078 [debug] [MainThread]: Connection 'debug' was properly closed.
